C:\Program Files\Microsoft Visual Studio\2022\Community\MSBuild\Microsoft\VC\v170\Microsoft.CppBuild.targets(510,5): warning MSB8028: The intermediate directory (Intermediate\x64\Debug\) contains files shared from another project (DX12Lab.vcxproj).  This can lead to incorrect clean and rebuild behavior.
  Renderer.cpp
C:\Users\yivanli\Desktop\Picasso\Picasso\Source\FileHelper.h(1,1): warning C4819: The file contains a character that cannot be represented in the current code page (936). Save the file in Unicode format to prevent data loss
C:\Users\yivanli\Desktop\Picasso\Picasso\Source\SkinMesh\Animation.h(2,13): warning C4081: expected 'newline'; found ';'
C:\Users\yivanli\Desktop\Picasso\Picasso\Source\RenderTargetPool.h(17,32): warning C4267: 'return': conversion from 'size_t' to 'UINT', possible loss of data
C:\Users\yivanli\Desktop\Picasso\Picasso\Source\RenderTargetPool.h(25,38): warning C4267: 'return': conversion from 'size_t' to 'UINT', possible loss of data
C:\Users\yivanli\Desktop\Picasso\Picasso\Source\Renderer.cpp(140,132): warning C4305: 'argument': truncation from 'double' to 'float'
C:\Users\yivanli\Desktop\Picasso\Picasso\Source\Renderer.cpp(141,126): warning C4305: 'argument': truncation from 'double' to 'float'
C:\Users\yivanli\Desktop\Picasso\Picasso\Source\Renderer.cpp(418,86): warning C4305: 'argument': truncation from 'double' to 'float'
C:\Users\yivanli\Desktop\Picasso\Picasso\Source\Renderer.cpp(431,93): warning C4838: conversion from 'int' to 'UINT' requires a narrowing conversion
C:\Users\yivanli\Desktop\Picasso\Picasso\Source\Renderer.cpp(675,102): warning C4244: 'argument': conversion from 'int' to 'float', possible loss of data
C:\Users\yivanli\Desktop\Picasso\Picasso\Source\Renderer.cpp(675,81): warning C4244: 'argument': conversion from 'int' to 'float', possible loss of data
C:\Users\yivanli\Desktop\Picasso\Picasso\Source\Renderer.cpp(684,102): warning C4244: 'argument': conversion from 'int' to 'float', possible loss of data
C:\Users\yivanli\Desktop\Picasso\Picasso\Source\Renderer.cpp(684,81): warning C4244: 'argument': conversion from 'int' to 'float', possible loss of data
C:\Users\yivanli\Desktop\Picasso\Picasso\Source\Renderer.cpp(704,84): warning C4244: 'argument': conversion from 'double' to 'float', possible loss of data
C:\Users\yivanli\Desktop\Picasso\Picasso\Source\Renderer.cpp(898,91): warning C4838: conversion from 'int' to 'UINT' requires a narrowing conversion
C:\Users\yivanli\Desktop\Picasso\Picasso\Source\Renderer.cpp(1067,8): warning C4244: 'argument': conversion from 'int' to 'float', possible loss of data
C:\Users\yivanli\Desktop\Picasso\Picasso\Source\Renderer.cpp(1069,23): warning C4305: 'initializing': truncation from 'double' to 'float'
C:\Users\yivanli\Desktop\Picasso\Picasso\Source\Renderer.cpp(1129,54): warning C4305: 'argument': truncation from 'double' to 'float'
C:\Users\yivanli\Desktop\Picasso\Picasso\Source\Renderer.cpp(1130,51): warning C4305: 'argument': truncation from 'double' to 'float'
  Picasso.vcxproj -> C:\Users\yivanli\Desktop\Picasso\Build\x64\Debug\Picasso.exe
