c:\users\yivanli\desktop\picasso\picasso\intermediate\x64\debug\camera.i
c:\users\yivanli\desktop\picasso\picasso\intermediate\x64\debug\d3dutil.i
c:\users\yivanli\desktop\picasso\picasso\intermediate\x64\debug\ddstextureloader.i
c:\users\yivanli\desktop\picasso\picasso\intermediate\x64\debug\gametimer.i
c:\users\yivanli\desktop\picasso\picasso\intermediate\x64\debug\geometrygenerator.i
c:\users\yivanli\desktop\picasso\picasso\intermediate\x64\debug\mathhelper.i
c:\users\yivanli\desktop\picasso\picasso\intermediate\x64\debug\core.i
c:\users\yivanli\desktop\picasso\picasso\intermediate\x64\debug\material.i
c:\users\yivanli\desktop\picasso\picasso\intermediate\x64\debug\fmathlib.i
c:\users\yivanli\desktop\picasso\picasso\intermediate\x64\debug\rendercore.i
c:\users\yivanli\desktop\picasso\picasso\intermediate\x64\debug\shader.i
c:\users\yivanli\desktop\picasso\picasso\intermediate\x64\debug\cubetexture.i
c:\users\yivanli\desktop\picasso\picasso\intermediate\x64\debug\d3dapp.i
c:\users\yivanli\desktop\picasso\picasso\intermediate\x64\debug\debugarrowpass.i
c:\users\yivanli\desktop\picasso\picasso\intermediate\x64\debug\frameresource.i
c:\users\yivanli\desktop\picasso\picasso\intermediate\x64\debug\iblbrdf.i
c:\users\yivanli\desktop\picasso\picasso\intermediate\x64\debug\imgui.i
c:\users\yivanli\desktop\picasso\picasso\intermediate\x64\debug\imgui_draw.i
c:\users\yivanli\desktop\picasso\picasso\intermediate\x64\debug\imgui_impl_dx12.i
c:\users\yivanli\desktop\picasso\picasso\intermediate\x64\debug\imgui_impl_win32.i
c:\users\yivanli\desktop\picasso\picasso\intermediate\x64\debug\imgui_widgets.i
c:\users\yivanli\desktop\picasso\picasso\intermediate\x64\debug\light.i
c:\users\yivanli\desktop\picasso\picasso\intermediate\x64\debug\main.i
c:\users\yivanli\desktop\picasso\picasso\intermediate\x64\debug\oneframepass.i
c:\users\yivanli\desktop\picasso\picasso\intermediate\x64\debug\pch.i
c:\users\yivanli\desktop\picasso\picasso\intermediate\x64\debug\renderer.i
c:\users\yivanli\desktop\picasso\picasso\intermediate\x64\debug\rendertarget.i
c:\users\yivanli\desktop\picasso\picasso\intermediate\x64\debug\rendertargetpool.i
c:\users\yivanli\desktop\picasso\picasso\intermediate\x64\debug\shadowmappass.i
c:\users\yivanli\desktop\picasso\picasso\intermediate\x64\debug\animation.i
c:\users\yivanli\desktop\picasso\picasso\intermediate\x64\debug\loadm3d.i
c:\users\yivanli\desktop\picasso\picasso\intermediate\x64\debug\skeletonmesh.i
c:\users\yivanli\desktop\picasso\picasso\intermediate\x64\debug\skinneddata.i
c:\users\yivanli\desktop\picasso\picasso\intermediate\x64\debug\staticmesh.i
c:\users\yivanli\desktop\picasso\picasso\intermediate\x64\debug\stringhelper.i
c:\users\yivanli\desktop\picasso\picasso\intermediate\x64\debug\texture2d.i
c:\users\yivanli\desktop\picasso\picasso\intermediate\x64\debug\waves.i
c:\users\yivanli\desktop\picasso\picasso\intermediate\x64\debug\vc143.pdb
c:\users\yivanli\desktop\picasso\picasso\camera.i
c:\users\yivanli\desktop\picasso\picasso\d3dutil.i
c:\users\yivanli\desktop\picasso\picasso\ddstextureloader.i
c:\users\yivanli\desktop\picasso\picasso\gametimer.i
c:\users\yivanli\desktop\picasso\picasso\geometrygenerator.i
c:\users\yivanli\desktop\picasso\picasso\mathhelper.i
c:\users\yivanli\desktop\picasso\picasso\core.i
c:\users\yivanli\desktop\picasso\picasso\material.i
c:\users\yivanli\desktop\picasso\picasso\fmathlib.i
c:\users\yivanli\desktop\picasso\picasso\rendercore.i
c:\users\yivanli\desktop\picasso\picasso\shader.i
c:\users\yivanli\desktop\picasso\picasso\cubetexture.i
c:\users\yivanli\desktop\picasso\picasso\d3dapp.i
c:\users\yivanli\desktop\picasso\picasso\debugarrowpass.i
c:\users\yivanli\desktop\picasso\picasso\frameresource.i
c:\users\yivanli\desktop\picasso\picasso\iblbrdf.i
c:\users\yivanli\desktop\picasso\picasso\imgui.i
c:\users\yivanli\desktop\picasso\picasso\imgui_draw.i
c:\users\yivanli\desktop\picasso\picasso\imgui_impl_dx12.i
c:\users\yivanli\desktop\picasso\picasso\imgui_impl_win32.i
c:\users\yivanli\desktop\picasso\picasso\imgui_widgets.i
c:\users\yivanli\desktop\picasso\picasso\light.i
c:\users\yivanli\desktop\picasso\picasso\main.i
c:\users\yivanli\desktop\picasso\picasso\oneframepass.i
c:\users\yivanli\desktop\picasso\picasso\pch.i
c:\users\yivanli\desktop\picasso\picasso\renderer.i
c:\users\yivanli\desktop\picasso\picasso\rendertarget.i
c:\users\yivanli\desktop\picasso\picasso\rendertargetpool.i
c:\users\yivanli\desktop\picasso\picasso\shadowmappass.i
c:\users\yivanli\desktop\picasso\picasso\animation.i
c:\users\yivanli\desktop\picasso\picasso\loadm3d.i
c:\users\yivanli\desktop\picasso\picasso\skeletonmesh.i
c:\users\yivanli\desktop\picasso\picasso\skinneddata.i
c:\users\yivanli\desktop\picasso\picasso\staticmesh.i
c:\users\yivanli\desktop\picasso\picasso\stringhelper.i
c:\users\yivanli\desktop\picasso\picasso\texture2d.i
c:\users\yivanli\desktop\picasso\picasso\waves.i
c:\users\yivanli\desktop\picasso\picasso\intermediate\x64\debug\picasso.tlog\cl.command.1.tlog
c:\users\yivanli\desktop\picasso\picasso\intermediate\x64\debug\picasso.tlog\cl.write.1.tlog
c:\users\yivanli\desktop\picasso\picasso\intermediate\x64\debug\picasso.tlog\link.command.1.tlog
c:\users\yivanli\desktop\picasso\picasso\intermediate\x64\debug\picasso.tlog\link.read.1.tlog
c:\users\yivanli\desktop\picasso\picasso\intermediate\x64\debug\picasso.tlog\link.write.1.tlog
